[REQUESTS DATA]:

Request:[2023-03-18T02:05:14.579040336]
GET URL:https://the-internet.herokuapp.com/broken_images
Header:{Upgrade-Insecure-Requests=1, User-Agent=Mozilla/5.0 (X11; Linux x86_64) AppleWebKit/537.36 (KHTML, like Gecko) Chrome/110.0.0.0 Safari/537.36, sec-ch-ua="Chromium";v="110", "Not A(Brand";v="24", "Google Chrome";v="110", sec-ch-ua-mobile=?0, sec-ch-ua-platform="Linux"}
Payload:No post data


Request:[2023-03-18T02:05:14.579112037]
GET URL:https://the-internet.herokuapp.com/js/vendor/298279967.js
Header:{sec-ch-ua="Chromium";v="110", "Not A(Brand";v="24", "Google Chrome";v="110", Referer=https://the-internet.herokuapp.com/broken_images, sec-ch-ua-mobile=?0, User-Agent=Mozilla/5.0 (X11; Linux x86_64) AppleWebKit/537.36 (KHTML, like Gecko) Chrome/110.0.0.0 Safari/537.36, sec-ch-ua-platform="Linux"}
Payload:No post data


Request:[2023-03-18T02:05:14.579153538]
GET URL:https://the-internet.herokuapp.com/css/app.css
Header:{sec-ch-ua="Chromium";v="110", "Not A(Brand";v="24", "Google Chrome";v="110", Referer=https://the-internet.herokuapp.com/broken_images, sec-ch-ua-mobile=?0, User-Agent=Mozilla/5.0 (X11; Linux x86_64) AppleWebKit/537.36 (KHTML, like Gecko) Chrome/110.0.0.0 Safari/537.36, sec-ch-ua-platform="Linux"}
Payload:No post data


Request:[2023-03-18T02:05:14.579205338]
GET URL:https://the-internet.herokuapp.com/css/font-awesome.css
Header:{sec-ch-ua="Chromium";v="110", "Not A(Brand";v="24", "Google Chrome";v="110", Referer=https://the-internet.herokuapp.com/broken_images, sec-ch-ua-mobile=?0, User-Agent=Mozilla/5.0 (X11; Linux x86_64) AppleWebKit/537.36 (KHTML, like Gecko) Chrome/110.0.0.0 Safari/537.36, sec-ch-ua-platform="Linux"}
Payload:No post data


Request:[2023-03-18T02:05:14.579245139]
GET URL:https://the-internet.herokuapp.com/js/vendor/jquery-1.11.3.min.js
Header:{sec-ch-ua="Chromium";v="110", "Not A(Brand";v="24", "Google Chrome";v="110", Referer=https://the-internet.herokuapp.com/broken_images, sec-ch-ua-mobile=?0, User-Agent=Mozilla/5.0 (X11; Linux x86_64) AppleWebKit/537.36 (KHTML, like Gecko) Chrome/110.0.0.0 Safari/537.36, sec-ch-ua-platform="Linux"}
Payload:No post data


Request:[2023-03-18T02:05:14.579282640]
GET URL:https://the-internet.herokuapp.com/js/vendor/jquery-ui-1.11.4/jquery-ui.js
Header:{sec-ch-ua="Chromium";v="110", "Not A(Brand";v="24", "Google Chrome";v="110", Referer=https://the-internet.herokuapp.com/broken_images, sec-ch-ua-mobile=?0, User-Agent=Mozilla/5.0 (X11; Linux x86_64) AppleWebKit/537.36 (KHTML, like Gecko) Chrome/110.0.0.0 Safari/537.36, sec-ch-ua-platform="Linux"}
Payload:No post data


Request:[2023-03-18T02:05:14.579338841]
GET URL:https://the-internet.herokuapp.com/js/foundation/foundation.js
Header:{sec-ch-ua="Chromium";v="110", "Not A(Brand";v="24", "Google Chrome";v="110", Referer=https://the-internet.herokuapp.com/broken_images, sec-ch-ua-mobile=?0, User-Agent=Mozilla/5.0 (X11; Linux x86_64) AppleWebKit/537.36 (KHTML, like Gecko) Chrome/110.0.0.0 Safari/537.36, sec-ch-ua-platform="Linux"}
Payload:No post data


Request:[2023-03-18T02:05:14.579377942]
GET URL:https://the-internet.herokuapp.com/js/foundation/foundation.alerts.js
Header:{sec-ch-ua="Chromium";v="110", "Not A(Brand";v="24", "Google Chrome";v="110", Referer=https://the-internet.herokuapp.com/broken_images, sec-ch-ua-mobile=?0, User-Agent=Mozilla/5.0 (X11; Linux x86_64) AppleWebKit/537.36 (KHTML, like Gecko) Chrome/110.0.0.0 Safari/537.36, sec-ch-ua-platform="Linux"}
Payload:No post data


Request:[2023-03-18T02:05:14.579414942]
GET URL:https://the-internet.herokuapp.com/img/forkme_right_green_007200.png
Header:{sec-ch-ua="Chromium";v="110", "Not A(Brand";v="24", "Google Chrome";v="110", Referer=https://the-internet.herokuapp.com/broken_images, sec-ch-ua-mobile=?0, User-Agent=Mozilla/5.0 (X11; Linux x86_64) AppleWebKit/537.36 (KHTML, like Gecko) Chrome/110.0.0.0 Safari/537.36, sec-ch-ua-platform="Linux"}
Payload:No post data


Request:[2023-03-18T02:05:14.579452643]
GET URL:https://the-internet.herokuapp.com/asdf.jpg
Header:{sec-ch-ua="Chromium";v="110", "Not A(Brand";v="24", "Google Chrome";v="110", Referer=https://the-internet.herokuapp.com/broken_images, sec-ch-ua-mobile=?0, User-Agent=Mozilla/5.0 (X11; Linux x86_64) AppleWebKit/537.36 (KHTML, like Gecko) Chrome/110.0.0.0 Safari/537.36, sec-ch-ua-platform="Linux"}
Payload:No post data


Request:[2023-03-18T02:05:14.579489844]
GET URL:https://the-internet.herokuapp.com/hjkl.jpg
Header:{sec-ch-ua="Chromium";v="110", "Not A(Brand";v="24", "Google Chrome";v="110", Referer=https://the-internet.herokuapp.com/broken_images, sec-ch-ua-mobile=?0, User-Agent=Mozilla/5.0 (X11; Linux x86_64) AppleWebKit/537.36 (KHTML, like Gecko) Chrome/110.0.0.0 Safari/537.36, sec-ch-ua-platform="Linux"}
Payload:No post data


Request:[2023-03-18T02:05:14.579526744]
GET URL:https://the-internet.herokuapp.com/img/avatar-blank.jpg
Header:{sec-ch-ua="Chromium";v="110", "Not A(Brand";v="24", "Google Chrome";v="110", Referer=https://the-internet.herokuapp.com/broken_images, sec-ch-ua-mobile=?0, User-Agent=Mozilla/5.0 (X11; Linux x86_64) AppleWebKit/537.36 (KHTML, like Gecko) Chrome/110.0.0.0 Safari/537.36, sec-ch-ua-platform="Linux"}
Payload:No post data


Request:[2023-03-18T02:05:14.579564245]
GET URL:https://298279967.log.optimizely.com/event?a=298279967&d=298279967&y=false&n=https%3A%2F%2Fthe-internet.herokuapp.com%2Fbroken_images&u=oeu1679105102864r0.8915130515207059&wxhr=true&t=1679105113830&f=298349752,318188263
Header:{sec-ch-ua="Chromium";v="110", "Not A(Brand";v="24", "Google Chrome";v="110", Referer=https://the-internet.herokuapp.com/, sec-ch-ua-mobile=?0, User-Agent=Mozilla/5.0 (X11; Linux x86_64) AppleWebKit/537.36 (KHTML, like Gecko) Chrome/110.0.0.0 Safari/537.36, sec-ch-ua-platform="Linux"}
Payload:No post data


Request:[2023-03-18T02:05:14.579610546]
GET URL:https://298279967.log.optimizely.com/event?a=298279967&d=298279967&y=false&n=https%3A%2F%2Fthe-internet.herokuapp.com%2Fbroken_images&u=oeu1679105102864r0.8915130515207059&wxhr=true&t=1679105102917&f=298349752,318188263
Header:{sec-ch-ua="Chromium";v="110", "Not A(Brand";v="24", "Google Chrome";v="110", Referer=https://the-internet.herokuapp.com/, sec-ch-ua-mobile=?0, User-Agent=Mozilla/5.0 (X11; Linux x86_64) AppleWebKit/537.36 (KHTML, like Gecko) Chrome/110.0.0.0 Safari/537.36, sec-ch-ua-platform="Linux"}
Payload:No post data


[RESPONSE DATA]:

Response: [2023-03-18T02:05:14.581711048]
URL:http://172.18.0.1:8080/api/v1/wallet/eth/balance?wallets=0xcA8Fa8f0b631EcdB18Cda619C4Fc9d197c8aFfCa
Status:200 OK
Header:{Access-Control-Allow-Origin=*, Date=Sat, 18 Mar 2023 02:05:11 GMT, transfer-encoding=chunked, Vary=Origin, Access-Control-Request-Method, Access-Control-Request-Headers, Content-Type=application/json}
Body:{"name":"Ethereum","symbol":"ETH","total":{"totalQuantity":325000.481665758268096499,"totalBalance":


Response: [2023-03-18T02:05:14.579756848]
URL:https://the-internet.herokuapp.com/broken_images
Status:200 OK
Header:{Connection=keep-alive, Content-Length=1727, Content-Type=text/html;charset=utf-8, Date=Sat, 18 Mar 2023 02:05:13 GMT, Server=WEBrick/1.6.0 (Ruby/2.7.2/2020-10-01), Via=1.1 vegur, X-Content-Type-Options=nosniff, X-Frame-Options=SAMEORIGIN, X-Xss-Protection=1; mode=block}
Body:<!DOCTYPE html>
<!--[if IE 8]>         <html class="no-js lt-ie9" lang="en" > <![endif]-->
<!--[if g


Response: [2023-03-18T02:05:14.579798749]
URL:https://the-internet.herokuapp.com/css/font-awesome.css
Status:200 OK
Header:{Date=Sat, 18 Mar 2023 02:05:02 GMT, Via=1.1 vegur, X-Content-Type-Options=nosniff, Last-Modified=Mon, 15 Feb 2021 17:29:38 GMT, Server=WEBrick/1.6.0 (Ruby/2.7.2/2020-10-01), Content-Length=28747, Content-Type=text/css;charset=utf-8}
Body:/*!
 *  Font Awesome 4.3.0 by @davegandy - http://fontawesome.io - @fontawesome
 *  License - http:/


Response: [2023-03-18T02:05:14.579838150]
URL:https://the-internet.herokuapp.com/js/vendor/298279967.js
Status:200 OK
Header:{Date=Sat, 18 Mar 2023 02:05:02 GMT, Via=1.1 vegur, X-Content-Type-Options=nosniff, Last-Modified=Mon, 15 Feb 2021 17:29:38 GMT, Server=WEBrick/1.6.0 (Ruby/2.7.2/2020-10-01), Content-Length=132435, Content-Type=application/javascript;charset=utf-8}
Body:







optimizelyCode = function(){
var DATA={"log_host":"log.optimizely.com","goal_expressions":{"


Response: [2023-03-18T02:05:14.579876250]
URL:https://the-internet.herokuapp.com/css/app.css
Status:200 OK
Header:{Date=Sat, 18 Mar 2023 02:05:02 GMT, Via=1.1 vegur, X-Content-Type-Options=nosniff, Last-Modified=Mon, 15 Feb 2021 17:29:38 GMT, Server=WEBrick/1.6.0 (Ruby/2.7.2/2020-10-01), Content-Length=353394, Content-Type=text/css;charset=utf-8}
Body:/*! normalize.css v2.1.2 | MIT License | git.io/normalize */
/* ====================================


Response: [2023-03-18T02:05:14.579915651]
URL:https://the-internet.herokuapp.com/js/vendor/jquery-1.11.3.min.js
Status:200 OK
Header:{Date=Sat, 18 Mar 2023 02:05:02 GMT, Via=1.1 vegur, X-Content-Type-Options=nosniff, Last-Modified=Mon, 15 Feb 2021 17:29:38 GMT, Server=WEBrick/1.6.0 (Ruby/2.7.2/2020-10-01), Content-Length=95957, Content-Type=application/javascript;charset=utf-8}
Body:/*! jQuery v1.11.3 | (c) 2005, 2015 jQuery Foundation, Inc. | jquery.org/license */
!function(a,b){"


Response: [2023-03-18T02:05:14.579952652]
URL:https://the-internet.herokuapp.com/js/foundation/foundation.js
Status:200 OK
Header:{Date=Sat, 18 Mar 2023 02:05:02 GMT, Via=1.1 vegur, X-Content-Type-Options=nosniff, Last-Modified=Mon, 15 Feb 2021 17:29:38 GMT, Server=WEBrick/1.6.0 (Ruby/2.7.2/2020-10-01), Content-Length=12715, Content-Type=application/javascript;charset=utf-8}
Body:/*
 * Foundation Responsive Library
 * http://foundation.zurb.com
 * Copyright 2013, ZURB
 * Free to


Response: [2023-03-18T02:05:14.579990953]
URL:https://the-internet.herokuapp.com/js/foundation/foundation.alerts.js
Status:200 OK
Header:{Date=Sat, 18 Mar 2023 02:05:02 GMT, Via=1.1 vegur, X-Content-Type-Options=nosniff, Last-Modified=Mon, 15 Feb 2021 17:29:38 GMT, Server=WEBrick/1.6.0 (Ruby/2.7.2/2020-10-01), Content-Length=1392, Content-Type=application/javascript;charset=utf-8}
Body:/*jslint unparam: true, browser: true, indent: 2 */

;(function ($, window, document, undefined) {
 


Response: [2023-03-18T02:05:14.580044854]
URL:https://the-internet.herokuapp.com/js/vendor/jquery-ui-1.11.4/jquery-ui.js
Status:200 OK
Header:{Date=Sat, 18 Mar 2023 02:05:02 GMT, Via=1.1 vegur, X-Content-Type-Options=nosniff, Last-Modified=Mon, 15 Feb 2021 17:29:38 GMT, Server=WEBrick/1.6.0 (Ruby/2.7.2/2020-10-01), Content-Length=470596, Content-Type=application/javascript;charset=utf-8}
Body:/*! jQuery UI - v1.11.4 - 2015-03-11
* http://jqueryui.com
* Includes: core.js, widget.js, mouse.js,


Response: [2023-03-18T02:05:14.580082854]
URL:https://the-internet.herokuapp.com/img/forkme_right_green_007200.png
Status:200 OK
Header:{Date=Sat, 18 Mar 2023 02:05:03 GMT, Via=1.1 vegur, X-Content-Type-Options=nosniff, Last-Modified=Mon, 15 Feb 2021 17:29:38 GMT, Server=WEBrick/1.6.0 (Ruby/2.7.2/2020-10-01), Content-Length=7660, Content-Type=image/png}
Body:iVBORw0KGgoAAAANSUhEUgAAAJUAAACVCAYAAABRorhPAAAAGXRFWHRTb2Z0d2FyZQBBZG9iZSBJbWFnZVJlYWR5ccllPAAAHY5J


Response: [2023-03-18T02:05:14.580120655]
URL:https://the-internet.herokuapp.com/asdf.jpg
Status:404 Not Found
Header:{Date=Sat, 18 Mar 2023 02:05:14 GMT, Via=1.1 vegur, X-Content-Type-Options=nosniff, Server=WEBrick/1.6.0 (Ruby/2.7.2/2020-10-01), X-Frame-Options=SAMEORIGIN, Content-Type=text/html;charset=utf-8, X-Cascade=pass, Connection=keep-alive, Content-Length=18, X-Xss-Protection=1; mode=block}
Body:<h1>Not Found</h1>


Response: [2023-03-18T02:05:14.580159656]
URL:https://the-internet.herokuapp.com/hjkl.jpg
Status:404 Not Found
Header:{Date=Sat, 18 Mar 2023 02:05:14 GMT, Via=1.1 vegur, X-Content-Type-Options=nosniff, Server=WEBrick/1.6.0 (Ruby/2.7.2/2020-10-01), X-Frame-Options=SAMEORIGIN, Content-Type=text/html;charset=utf-8, X-Cascade=pass, Connection=keep-alive, Content-Length=18, X-Xss-Protection=1; mode=block}
Body:<h1>Not Found</h1>


Response: [2023-03-18T02:05:14.580198656]
URL:https://the-internet.herokuapp.com/img/avatar-blank.jpg
Status:200 OK
Header:{Date=Sat, 18 Mar 2023 02:05:03 GMT, Via=1.1 vegur, X-Content-Type-Options=nosniff, Last-Modified=Mon, 15 Feb 2021 17:29:38 GMT, Server=WEBrick/1.6.0 (Ruby/2.7.2/2020-10-01), Content-Length=2464, Content-Type=image/jpeg}
Body:/9j/4AAQSkZJRgABAgAAZABkAAD/7AARRHVja3kAAQAEAAAAZAAA/+4ADkFkb2JlAGTAAAAAAf/bAIQAAQEBAQEBAQEBAQEBAQEB
